2024-02-01 17:36:51.986 [info] Log level: Info
2024-02-01 17:36:51.986 [info] Validating found git in: "git"
2024-02-01 17:36:51.986 [info] Using git "2.43.0" from "git"
2024-02-01 17:36:51.986 [info] > git rev-parse --show-toplevel [17ms]
2024-02-01 17:36:51.986 [info] fatal: not a git repository (or any parent up to mount point /)
Stopping at filesystem boundary (GIT_DISCOVERY_ACROSS_FILESYSTEM not set).
2024-02-01 17:36:52.102 [info] > git rev-parse --show-toplevel [2ms]
2024-02-01 17:36:52.102 [info] fatal: not a git repository (or any parent up to mount point /)
Stopping at filesystem boundary (GIT_DISCOVERY_ACROSS_FILESYSTEM not set).
2024-02-01 17:36:52.164 [info] > git rev-parse --show-toplevel [2ms]
2024-02-01 17:36:52.165 [info] fatal: not a git repository (or any parent up to mount point /)
Stopping at filesystem boundary (GIT_DISCOVERY_ACROSS_FILESYSTEM not set).
2024-02-01 17:37:15.364 [info] > git rev-parse --show-toplevel [1ms]
2024-02-01 17:37:15.364 [info] fatal: not a git repository (or any parent up to mount point /)
Stopping at filesystem boundary (GIT_DISCOVERY_ACROSS_FILESYSTEM not set).
2024-02-01 17:37:15.382 [info] > git rev-parse --show-toplevel [2ms]
2024-02-01 17:37:15.382 [info] fatal: not a git repository (or any parent up to mount point /)
Stopping at filesystem boundary (GIT_DISCOVERY_ACROSS_FILESYSTEM not set).
2024-02-01 17:37:18.310 [info] > git rev-parse --show-toplevel [2ms]
2024-02-01 17:37:18.310 [info] fatal: not a git repository (or any parent up to mount point /)
Stopping at filesystem boundary (GIT_DISCOVERY_ACROSS_FILESYSTEM not set).
2024-02-01 17:37:18.330 [info] > git rev-parse --show-toplevel [3ms]
2024-02-01 17:37:18.330 [info] fatal: not a git repository (or any parent up to mount point /)
Stopping at filesystem boundary (GIT_DISCOVERY_ACROSS_FILESYSTEM not set).
2024-02-01 17:37:21.819 [info] > git rev-parse --show-toplevel [2ms]
2024-02-01 17:37:21.819 [info] fatal: not a git repository (or any parent up to mount point /)
Stopping at filesystem boundary (GIT_DISCOVERY_ACROSS_FILESYSTEM not set).
2024-02-01 17:37:21.837 [info] > git rev-parse --show-toplevel [2ms]
2024-02-01 17:37:21.837 [info] fatal: not a git repository (or any parent up to mount point /)
Stopping at filesystem boundary (GIT_DISCOVERY_ACROSS_FILESYSTEM not set).
2024-02-01 17:40:04.271 [info] > git rev-parse --show-toplevel [2ms]
2024-02-01 17:40:04.271 [info] fatal: not a git repository (or any parent up to mount point /)
Stopping at filesystem boundary (GIT_DISCOVERY_ACROSS_FILESYSTEM not set).
