2024-02-01 14:07:29.665 [info] Started initializing default profile extensions in extensions installation folder. file:///home/yuryi/.vscode/extensions
2024-02-01 14:07:29.916 [warning] Failed to create default profile extensions manifest in extensions installation folder. file:///home/yuryi/.vscode/extensions Unable to create file 'vscode-userdata:/home/yuryi/.vscode/extensions/extensions.json' that already exists when overwrite flag is not set
2024-02-01 14:07:29.916 [info] Completed initializing default profile extensions in extensions installation folder. file:///home/yuryi/.vscode/extensions
2024-02-01 14:07:45.178 [info] Getting Manifest... ms-python.python
2024-02-01 14:07:45.195 [info] Installing extension: ms-python.python
2024-02-01 14:07:45.634 [info] Getting Manifest... ms-python.vscode-pylance
2024-02-01 14:07:45.661 [info] Getting Manifest... ms-python.debugpy
2024-02-01 14:07:45.760 [info] Installing extension: ms-python.vscode-pylance ms-python.python
2024-02-01 14:07:45.760 [info] Installing extension: ms-python.debugpy ms-python.python
2024-02-01 14:07:47.038 [info] Getting Manifest... ms-vscode.cpptools-extension-pack
2024-02-01 14:07:47.044 [info] Installing extension: ms-vscode.cpptools-extension-pack
2024-02-01 14:07:47.627 [info] Getting Manifest... ms-vscode.cpptools
2024-02-01 14:07:47.661 [info] Getting Manifest... ms-vscode.cmake-tools
2024-02-01 14:07:47.806 [info] Getting Manifest... twxs.cmake
2024-02-01 14:07:47.874 [info] Getting Manifest... ms-vscode.cpptools-themes
2024-02-01 14:07:47.987 [info] Installing extension: ms-vscode.cpptools ms-vscode.cpptools-extension-pack
2024-02-01 14:07:47.987 [info] Installing extension: ms-vscode.cmake-tools ms-vscode.cpptools-extension-pack
2024-02-01 14:07:47.988 [info] Installing extension: twxs.cmake ms-vscode.cpptools-extension-pack
2024-02-01 14:07:47.988 [info] Installing extension: ms-vscode.cpptools-themes ms-vscode.cpptools-extension-pack
2024-02-01 14:07:48.683 [info] Extension signature is verified: ms-python.python
2024-02-01 14:07:48.684 [info] Extension signature is verified: ms-python.debugpy
2024-02-01 14:07:50.037 [info] Extension signature is verified: ms-vscode.cpptools-themes
2024-02-01 14:07:50.084 [info] Extracted extension to file:///home/yuryi/.vscode/extensions/ms-vscode.cpptools-themes-2.0.0: ms-vscode.cpptools-themes
2024-02-01 14:07:50.098 [info] Renamed to /home/yuryi/.vscode/extensions/ms-vscode.cpptools-themes-2.0.0
2024-02-01 14:07:50.108 [info] Extracting extension completed. ms-vscode.cpptools-themes
2024-02-01 14:07:50.156 [info] Extension signature is verified: ms-vscode.cmake-tools
2024-02-01 14:07:50.198 [error] [uncaught exception in sharedProcess]: Error: ENOENT: no such file or directory, stat '/home/yuryi/.vscode/extensions/extensions.json.vsctmp': EntryNotFound (FileSystemError): Error: ENOENT: no such file or directory, stat '/home/yuryi/.vscode/extensions/extensions.json.vsctmp'
    at r.create (/usr/share/code/resources/app/out/vs/code/node/sharedProcess/sharedProcessMain.js:51:30056)
    at a (/usr/share/code/resources/app/out/vs/code/node/sharedProcess/sharedProcessMain.js:51:30170)
    at s.fb (/usr/share/code/resources/app/out/vs/code/node/sharedProcess/sharedProcessMain.js:56:36175)
    at s.stat (/usr/share/code/resources/app/out/vs/code/node/sharedProcess/sharedProcessMain.js:56:28621)
    at async E.stat (/usr/share/code/resources/app/out/vs/code/node/sharedProcess/sharedProcessMain.js:56:15732)
    at async Y.tb (/usr/share/code/resources/app/out/vs/code/node/sharedProcess/sharedProcessMain.js:100:111319)
2024-02-01 14:07:50.611 [info] Extracted extension to file:///home/yuryi/.vscode/extensions/ms-vscode.cmake-tools-1.16.32: ms-vscode.cmake-tools
2024-02-01 14:07:50.620 [info] Extracted extension to file:///home/yuryi/.vscode/extensions/ms-python.debugpy-2024.0.0-linux-x64: ms-python.debugpy
2024-02-01 14:07:50.626 [info] Renamed to /home/yuryi/.vscode/extensions/ms-python.debugpy-2024.0.0-linux-x64
2024-02-01 14:07:50.627 [info] Renamed to /home/yuryi/.vscode/extensions/ms-vscode.cmake-tools-1.16.32
2024-02-01 14:07:50.635 [warning] [cmake-tools]: Couldn't find message for key cmake-tools.configuration.cmake.options.advanced.statusBarVisibility.variant.description.
2024-02-01 14:07:50.636 [info] Extracting extension completed. ms-python.debugpy
2024-02-01 14:07:50.637 [info] Extracting extension completed. ms-vscode.cmake-tools
2024-02-01 14:07:50.721 [error] [uncaught exception in sharedProcess]: Error: ENOENT: no such file or directory, stat '/home/yuryi/.vscode/extensions/extensions.json.vsctmp': EntryNotFound (FileSystemError): Error: ENOENT: no such file or directory, stat '/home/yuryi/.vscode/extensions/extensions.json.vsctmp'
    at r.create (/usr/share/code/resources/app/out/vs/code/node/sharedProcess/sharedProcessMain.js:51:30056)
    at a (/usr/share/code/resources/app/out/vs/code/node/sharedProcess/sharedProcessMain.js:51:30170)
    at s.fb (/usr/share/code/resources/app/out/vs/code/node/sharedProcess/sharedProcessMain.js:56:36175)
    at s.stat (/usr/share/code/resources/app/out/vs/code/node/sharedProcess/sharedProcessMain.js:56:28621)
    at async E.stat (/usr/share/code/resources/app/out/vs/code/node/sharedProcess/sharedProcessMain.js:56:15732)
    at async Y.tb (/usr/share/code/resources/app/out/vs/code/node/sharedProcess/sharedProcessMain.js:100:111319)
2024-02-01 14:07:50.735 [info] Extension signature is verified: twxs.cmake
2024-02-01 14:07:51.144 [info] Extracted extension to file:///home/yuryi/.vscode/extensions/twxs.cmake-0.0.17: twxs.cmake
2024-02-01 14:07:51.145 [info] Renamed to /home/yuryi/.vscode/extensions/twxs.cmake-0.0.17
2024-02-01 14:07:51.145 [info] Extracting extension completed. twxs.cmake
2024-02-01 14:07:51.543 [error] [uncaught exception in sharedProcess]: Error: ENOENT: no such file or directory, stat '/home/yuryi/.vscode/extensions/extensions.json.vsctmp': EntryNotFound (FileSystemError): Error: ENOENT: no such file or directory, stat '/home/yuryi/.vscode/extensions/extensions.json.vsctmp'
    at r.create (/usr/share/code/resources/app/out/vs/code/node/sharedProcess/sharedProcessMain.js:51:30056)
    at a (/usr/share/code/resources/app/out/vs/code/node/sharedProcess/sharedProcessMain.js:51:30170)
    at s.fb (/usr/share/code/resources/app/out/vs/code/node/sharedProcess/sharedProcessMain.js:56:36175)
    at s.stat (/usr/share/code/resources/app/out/vs/code/node/sharedProcess/sharedProcessMain.js:56:28621)
    at async E.stat (/usr/share/code/resources/app/out/vs/code/node/sharedProcess/sharedProcessMain.js:56:15732)
    at async Y.tb (/usr/share/code/resources/app/out/vs/code/node/sharedProcess/sharedProcessMain.js:100:111319)
2024-02-01 14:07:52.849 [info] Extracted extension to file:///home/yuryi/.vscode/extensions/ms-python.python-2024.0.0: ms-python.python
2024-02-01 14:07:52.860 [info] Renamed to /home/yuryi/.vscode/extensions/ms-python.python-2024.0.0
2024-02-01 14:07:52.865 [info] Extracting extension completed. ms-python.python
2024-02-01 14:07:52.937 [warning] [cmake-tools]: Couldn't find message for key cmake-tools.configuration.cmake.options.advanced.statusBarVisibility.variant.description.
2024-02-01 14:07:52.959 [error] [uncaught exception in sharedProcess]: Error: ENOENT: no such file or directory, stat '/home/yuryi/.vscode/extensions/extensions.json.vsctmp': EntryNotFound (FileSystemError): Error: ENOENT: no such file or directory, stat '/home/yuryi/.vscode/extensions/extensions.json.vsctmp'
    at r.create (/usr/share/code/resources/app/out/vs/code/node/sharedProcess/sharedProcessMain.js:51:30056)
    at a (/usr/share/code/resources/app/out/vs/code/node/sharedProcess/sharedProcessMain.js:51:30170)
    at s.fb (/usr/share/code/resources/app/out/vs/code/node/sharedProcess/sharedProcessMain.js:56:36175)
    at s.stat (/usr/share/code/resources/app/out/vs/code/node/sharedProcess/sharedProcessMain.js:56:28621)
    at async E.stat (/usr/share/code/resources/app/out/vs/code/node/sharedProcess/sharedProcessMain.js:56:15732)
    at async Y.tb (/usr/share/code/resources/app/out/vs/code/node/sharedProcess/sharedProcessMain.js:100:111319)
2024-02-01 14:07:53.238 [info] Extension signature is verified: ms-vscode.cpptools
2024-02-01 14:07:55.032 [info] Extension signature is verified: ms-python.vscode-pylance
2024-02-01 14:07:56.498 [info] Extracted extension to file:///home/yuryi/.vscode/extensions/ms-vscode.cpptools-1.18.5-linux-x64: ms-vscode.cpptools
2024-02-01 14:07:56.513 [info] Renamed to /home/yuryi/.vscode/extensions/ms-vscode.cpptools-1.18.5-linux-x64
2024-02-01 14:07:56.530 [info] Extracting extension completed. ms-vscode.cpptools
2024-02-01 14:07:56.605 [warning] [cmake-tools]: Couldn't find message for key cmake-tools.configuration.cmake.options.advanced.statusBarVisibility.variant.description.
2024-02-01 14:07:56.629 [error] [uncaught exception in sharedProcess]: Error: ENOENT: no such file or directory, stat '/home/yuryi/.vscode/extensions/extensions.json.vsctmp': EntryNotFound (FileSystemError): Error: ENOENT: no such file or directory, stat '/home/yuryi/.vscode/extensions/extensions.json.vsctmp'
    at r.create (/usr/share/code/resources/app/out/vs/code/node/sharedProcess/sharedProcessMain.js:51:30056)
    at a (/usr/share/code/resources/app/out/vs/code/node/sharedProcess/sharedProcessMain.js:51:30170)
    at s.fb (/usr/share/code/resources/app/out/vs/code/node/sharedProcess/sharedProcessMain.js:56:36175)
    at s.stat (/usr/share/code/resources/app/out/vs/code/node/sharedProcess/sharedProcessMain.js:56:28621)
    at async E.stat (/usr/share/code/resources/app/out/vs/code/node/sharedProcess/sharedProcessMain.js:56:15732)
    at async Y.tb (/usr/share/code/resources/app/out/vs/code/node/sharedProcess/sharedProcessMain.js:100:111319)
2024-02-01 14:07:57.837 [info] Extension signature is verified: ms-vscode.cpptools-extension-pack
2024-02-01 14:07:57.848 [info] Extracted extension to file:///home/yuryi/.vscode/extensions/ms-vscode.cpptools-extension-pack-1.3.0: ms-vscode.cpptools-extension-pack
2024-02-01 14:07:57.858 [info] Renamed to /home/yuryi/.vscode/extensions/ms-vscode.cpptools-extension-pack-1.3.0
2024-02-01 14:07:57.860 [info] Extracting extension completed. ms-vscode.cpptools-extension-pack
2024-02-01 14:07:57.871 [info] Extension installed successfully: ms-vscode.cpptools-themes
2024-02-01 14:07:57.871 [info] Extension installed successfully: ms-vscode.cmake-tools
2024-02-01 14:07:57.871 [info] Extension installed successfully: twxs.cmake
2024-02-01 14:07:57.871 [info] Extension installed successfully: ms-vscode.cpptools
2024-02-01 14:07:57.871 [info] Extension installed successfully: ms-vscode.cpptools-extension-pack
2024-02-01 14:07:57.939 [error] [uncaught exception in sharedProcess]: Error: ENOENT: no such file or directory, stat '/home/yuryi/.vscode/extensions/extensions.json.vsctmp': EntryNotFound (FileSystemError): Error: ENOENT: no such file or directory, stat '/home/yuryi/.vscode/extensions/extensions.json.vsctmp'
    at r.create (/usr/share/code/resources/app/out/vs/code/node/sharedProcess/sharedProcessMain.js:51:30056)
    at a (/usr/share/code/resources/app/out/vs/code/node/sharedProcess/sharedProcessMain.js:51:30170)
    at s.fb (/usr/share/code/resources/app/out/vs/code/node/sharedProcess/sharedProcessMain.js:56:36175)
    at s.stat (/usr/share/code/resources/app/out/vs/code/node/sharedProcess/sharedProcessMain.js:56:28621)
    at async E.stat (/usr/share/code/resources/app/out/vs/code/node/sharedProcess/sharedProcessMain.js:56:15732)
    at async Y.tb (/usr/share/code/resources/app/out/vs/code/node/sharedProcess/sharedProcessMain.js:100:111319)
2024-02-01 14:07:59.356 [info] Extracted extension to file:///home/yuryi/.vscode/extensions/ms-python.vscode-pylance-2023.12.1: ms-python.vscode-pylance
2024-02-01 14:07:59.368 [info] Renamed to /home/yuryi/.vscode/extensions/ms-python.vscode-pylance-2023.12.1
2024-02-01 14:07:59.371 [info] Extracting extension completed. ms-python.vscode-pylance
2024-02-01 14:07:59.380 [info] Extension installed successfully: ms-python.debugpy
2024-02-01 14:07:59.380 [info] Extension installed successfully: ms-python.python
2024-02-01 14:07:59.380 [info] Extension installed successfully: ms-python.vscode-pylance
2024-02-01 14:07:59.451 [error] [uncaught exception in sharedProcess]: Error: ENOENT: no such file or directory, stat '/home/yuryi/.vscode/extensions/extensions.json.vsctmp': EntryNotFound (FileSystemError): Error: ENOENT: no such file or directory, stat '/home/yuryi/.vscode/extensions/extensions.json.vsctmp'
    at r.create (/usr/share/code/resources/app/out/vs/code/node/sharedProcess/sharedProcessMain.js:51:30056)
    at a (/usr/share/code/resources/app/out/vs/code/node/sharedProcess/sharedProcessMain.js:51:30170)
    at s.fb (/usr/share/code/resources/app/out/vs/code/node/sharedProcess/sharedProcessMain.js:56:36175)
    at s.stat (/usr/share/code/resources/app/out/vs/code/node/sharedProcess/sharedProcessMain.js:56:28621)
    at async E.stat (/usr/share/code/resources/app/out/vs/code/node/sharedProcess/sharedProcessMain.js:56:15732)
    at async Y.tb (/usr/share/code/resources/app/out/vs/code/node/sharedProcess/sharedProcessMain.js:100:111319)
2024-02-01 14:08:03.149 [info] Getting Manifest... rust-lang.rust-analyzer
2024-02-01 14:08:03.166 [info] Installing extension: rust-lang.rust-analyzer
2024-02-01 14:08:03.240 [warning] [cmake-tools]: Couldn't find message for key cmake-tools.configuration.cmake.options.advanced.statusBarVisibility.variant.description.
2024-02-01 14:08:03.312 [warning] [cmake-tools]: Couldn't find message for key cmake-tools.configuration.cmake.options.advanced.statusBarVisibility.variant.description.
2024-02-01 14:08:03.380 [warning] [cmake-tools]: Couldn't find message for key cmake-tools.configuration.cmake.options.advanced.statusBarVisibility.variant.description.
2024-02-01 14:08:05.219 [info] Extension signature is verified: rust-lang.rust-analyzer
2024-02-01 14:08:05.618 [info] Extracted extension to file:///home/yuryi/.vscode/extensions/rust-lang.rust-analyzer-0.3.1823-linux-x64: rust-lang.rust-analyzer
2024-02-01 14:08:05.630 [info] Renamed to /home/yuryi/.vscode/extensions/rust-lang.rust-analyzer-0.3.1823-linux-x64
2024-02-01 14:08:05.632 [info] Extracting extension completed. rust-lang.rust-analyzer
2024-02-01 14:08:05.642 [info] Extension installed successfully: rust-lang.rust-analyzer
2024-02-01 14:08:05.715 [error] [uncaught exception in sharedProcess]: Error: ENOENT: no such file or directory, stat '/home/yuryi/.vscode/extensions/extensions.json.vsctmp': EntryNotFound (FileSystemError): Error: ENOENT: no such file or directory, stat '/home/yuryi/.vscode/extensions/extensions.json.vsctmp'
    at r.create (/usr/share/code/resources/app/out/vs/code/node/sharedProcess/sharedProcessMain.js:51:30056)
    at a (/usr/share/code/resources/app/out/vs/code/node/sharedProcess/sharedProcessMain.js:51:30170)
    at s.fb (/usr/share/code/resources/app/out/vs/code/node/sharedProcess/sharedProcessMain.js:56:36175)
    at s.stat (/usr/share/code/resources/app/out/vs/code/node/sharedProcess/sharedProcessMain.js:56:28621)
    at async E.stat (/usr/share/code/resources/app/out/vs/code/node/sharedProcess/sharedProcessMain.js:56:15732)
    at async Y.tb (/usr/share/code/resources/app/out/vs/code/node/sharedProcess/sharedProcessMain.js:100:111319)
2024-02-01 14:11:11.407 [warning] [cmake-tools]: Couldn't find message for key cmake-tools.configuration.cmake.options.advanced.statusBarVisibility.variant.description.
2024-02-01 14:11:11.439 [warning] [cmake-tools]: Couldn't find message for key cmake-tools.configuration.cmake.options.advanced.statusBarVisibility.variant.description.
2024-02-01 14:12:31.830 [warning] [cmake-tools]: Couldn't find message for key cmake-tools.configuration.cmake.options.advanced.statusBarVisibility.variant.description.
2024-02-01 14:17:32.045 [warning] [cmake-tools]: Couldn't find message for key cmake-tools.configuration.cmake.options.advanced.statusBarVisibility.variant.description.
2024-02-01 14:20:30.195 [info] Getting Manifest... formulahendry.code-runner
2024-02-01 14:20:30.212 [info] Installing extension: formulahendry.code-runner
2024-02-01 14:20:30.303 [warning] [cmake-tools]: Couldn't find message for key cmake-tools.configuration.cmake.options.advanced.statusBarVisibility.variant.description.
2024-02-01 14:20:30.402 [warning] [cmake-tools]: Couldn't find message for key cmake-tools.configuration.cmake.options.advanced.statusBarVisibility.variant.description.
2024-02-01 14:20:30.488 [warning] [cmake-tools]: Couldn't find message for key cmake-tools.configuration.cmake.options.advanced.statusBarVisibility.variant.description.
2024-02-01 14:20:31.757 [info] Extension signature is verified: formulahendry.code-runner
2024-02-01 14:20:31.900 [info] Extracted extension to file:///home/yuryi/.vscode/extensions/formulahendry.code-runner-0.12.1: formulahendry.code-runner
2024-02-01 14:20:31.911 [info] Renamed to /home/yuryi/.vscode/extensions/formulahendry.code-runner-0.12.1
2024-02-01 14:20:31.913 [info] Extracting extension completed. formulahendry.code-runner
2024-02-01 14:20:31.922 [info] Extension installed successfully: formulahendry.code-runner
2024-02-01 14:20:31.942 [error] [uncaught exception in sharedProcess]: Error: ENOENT: no such file or directory, stat '/home/yuryi/.vscode/extensions/extensions.json.vsctmp': EntryNotFound (FileSystemError): Error: ENOENT: no such file or directory, stat '/home/yuryi/.vscode/extensions/extensions.json.vsctmp'
    at r.create (/usr/share/code/resources/app/out/vs/code/node/sharedProcess/sharedProcessMain.js:51:30056)
    at a (/usr/share/code/resources/app/out/vs/code/node/sharedProcess/sharedProcessMain.js:51:30170)
    at s.fb (/usr/share/code/resources/app/out/vs/code/node/sharedProcess/sharedProcessMain.js:56:36175)
    at s.stat (/usr/share/code/resources/app/out/vs/code/node/sharedProcess/sharedProcessMain.js:56:28621)
    at async E.stat (/usr/share/code/resources/app/out/vs/code/node/sharedProcess/sharedProcessMain.js:56:15732)
    at async Y.tb (/usr/share/code/resources/app/out/vs/code/node/sharedProcess/sharedProcessMain.js:100:111319)
2024-02-01 14:20:43.216 [info] Getting Manifest... ms-vscode-remote.remote-ssh
2024-02-01 14:20:43.239 [info] Installing extension: ms-vscode-remote.remote-ssh
2024-02-01 14:20:43.315 [warning] [cmake-tools]: Couldn't find message for key cmake-tools.configuration.cmake.options.advanced.statusBarVisibility.variant.description.
2024-02-01 14:20:43.572 [info] Getting Manifest... ms-vscode-remote.remote-ssh-edit
2024-02-01 14:20:43.604 [info] Getting Manifest... ms-vscode.remote-explorer
2024-02-01 14:20:43.697 [warning] [cmake-tools]: Couldn't find message for key cmake-tools.configuration.cmake.options.advanced.statusBarVisibility.variant.description.
2024-02-01 14:20:43.720 [info] Installing extension: ms-vscode-remote.remote-ssh-edit ms-vscode-remote.remote-ssh
2024-02-01 14:20:43.720 [info] Installing extension: ms-vscode.remote-explorer ms-vscode-remote.remote-ssh
2024-02-01 14:20:43.829 [warning] [cmake-tools]: Couldn't find message for key cmake-tools.configuration.cmake.options.advanced.statusBarVisibility.variant.description.
2024-02-01 14:20:43.840 [warning] [cmake-tools]: Couldn't find message for key cmake-tools.configuration.cmake.options.advanced.statusBarVisibility.variant.description.
2024-02-01 14:20:45.122 [info] Extension signature is verified: ms-vscode.remote-explorer
2024-02-01 14:20:45.157 [info] Extension signature is verified: ms-vscode-remote.remote-ssh-edit
2024-02-01 14:20:45.175 [info] Extracted extension to file:///home/yuryi/.vscode/extensions/ms-vscode.remote-explorer-0.4.1: ms-vscode.remote-explorer
2024-02-01 14:20:45.188 [info] Renamed to /home/yuryi/.vscode/extensions/ms-vscode.remote-explorer-0.4.1
2024-02-01 14:20:45.192 [info] Extracting extension completed. ms-vscode.remote-explorer
2024-02-01 14:20:45.237 [info] Extracted extension to file:///home/yuryi/.vscode/extensions/ms-vscode-remote.remote-ssh-edit-0.86.0: ms-vscode-remote.remote-ssh-edit
2024-02-01 14:20:45.242 [info] Renamed to /home/yuryi/.vscode/extensions/ms-vscode-remote.remote-ssh-edit-0.86.0
2024-02-01 14:20:45.244 [info] Extracting extension completed. ms-vscode-remote.remote-ssh-edit
2024-02-01 14:20:45.308 [error] [uncaught exception in sharedProcess]: Error: ENOENT: no such file or directory, stat '/home/yuryi/.vscode/extensions/extensions.json.vsctmp': EntryNotFound (FileSystemError): Error: ENOENT: no such file or directory, stat '/home/yuryi/.vscode/extensions/extensions.json.vsctmp'
    at r.create (/usr/share/code/resources/app/out/vs/code/node/sharedProcess/sharedProcessMain.js:51:30056)
    at a (/usr/share/code/resources/app/out/vs/code/node/sharedProcess/sharedProcessMain.js:51:30170)
    at s.fb (/usr/share/code/resources/app/out/vs/code/node/sharedProcess/sharedProcessMain.js:56:36175)
    at s.stat (/usr/share/code/resources/app/out/vs/code/node/sharedProcess/sharedProcessMain.js:56:28621)
    at async E.stat (/usr/share/code/resources/app/out/vs/code/node/sharedProcess/sharedProcessMain.js:56:15732)
    at async Y.tb (/usr/share/code/resources/app/out/vs/code/node/sharedProcess/sharedProcessMain.js:100:111319)
2024-02-01 14:20:45.330 [warning] [cmake-tools]: Couldn't find message for key cmake-tools.configuration.cmake.options.advanced.statusBarVisibility.variant.description.
2024-02-01 14:20:46.504 [info] Extension signature is verified: ms-vscode-remote.remote-ssh
2024-02-01 14:20:46.580 [info] Extracted extension to file:///home/yuryi/.vscode/extensions/ms-vscode-remote.remote-ssh-0.107.1: ms-vscode-remote.remote-ssh
2024-02-01 14:20:46.591 [info] Renamed to /home/yuryi/.vscode/extensions/ms-vscode-remote.remote-ssh-0.107.1
2024-02-01 14:20:46.595 [info] Extracting extension completed. ms-vscode-remote.remote-ssh
2024-02-01 14:20:46.604 [info] Extension installed successfully: ms-vscode.remote-explorer
2024-02-01 14:20:46.604 [info] Extension installed successfully: ms-vscode-remote.remote-ssh-edit
2024-02-01 14:20:46.604 [info] Extension installed successfully: ms-vscode-remote.remote-ssh
2024-02-01 14:20:46.675 [error] [uncaught exception in sharedProcess]: Error: ENOENT: no such file or directory, stat '/home/yuryi/.vscode/extensions/extensions.json.vsctmp': EntryNotFound (FileSystemError): Error: ENOENT: no such file or directory, stat '/home/yuryi/.vscode/extensions/extensions.json.vsctmp'
    at r.create (/usr/share/code/resources/app/out/vs/code/node/sharedProcess/sharedProcessMain.js:51:30056)
    at a (/usr/share/code/resources/app/out/vs/code/node/sharedProcess/sharedProcessMain.js:51:30170)
    at s.fb (/usr/share/code/resources/app/out/vs/code/node/sharedProcess/sharedProcessMain.js:56:36175)
    at s.stat (/usr/share/code/resources/app/out/vs/code/node/sharedProcess/sharedProcessMain.js:56:28621)
    at async E.stat (/usr/share/code/resources/app/out/vs/code/node/sharedProcess/sharedProcessMain.js:56:15732)
    at async Y.tb (/usr/share/code/resources/app/out/vs/code/node/sharedProcess/sharedProcessMain.js:100:111319)
2024-02-01 14:21:51.777 [warning] [cmake-tools]: Couldn't find message for key cmake-tools.configuration.cmake.options.advanced.statusBarVisibility.variant.description.
2024-02-01 14:21:51.802 [warning] [cmake-tools]: Couldn't find message for key cmake-tools.configuration.cmake.options.advanced.statusBarVisibility.variant.description.
2024-02-01 14:22:01.489 [warning] [cmake-tools]: Couldn't find message for key cmake-tools.configuration.cmake.options.advanced.statusBarVisibility.variant.description.
2024-02-01 14:22:01.527 [warning] [cmake-tools]: Couldn't find message for key cmake-tools.configuration.cmake.options.advanced.statusBarVisibility.variant.description.
2024-02-01 14:22:32.134 [warning] [cmake-tools]: Couldn't find message for key cmake-tools.configuration.cmake.options.advanced.statusBarVisibility.variant.description.
2024-02-01 14:27:32.225 [warning] [cmake-tools]: Couldn't find message for key cmake-tools.configuration.cmake.options.advanced.statusBarVisibility.variant.description.
2024-02-01 14:32:32.309 [warning] [cmake-tools]: Couldn't find message for key cmake-tools.configuration.cmake.options.advanced.statusBarVisibility.variant.description.
2024-02-01 14:37:32.406 [warning] [cmake-tools]: Couldn't find message for key cmake-tools.configuration.cmake.options.advanced.statusBarVisibility.variant.description.
2024-02-01 14:42:32.495 [warning] [cmake-tools]: Couldn't find message for key cmake-tools.configuration.cmake.options.advanced.statusBarVisibility.variant.description.
2024-02-01 14:47:32.588 [warning] [cmake-tools]: Couldn't find message for key cmake-tools.configuration.cmake.options.advanced.statusBarVisibility.variant.description.
2024-02-01 14:52:32.677 [warning] [cmake-tools]: Couldn't find message for key cmake-tools.configuration.cmake.options.advanced.statusBarVisibility.variant.description.
2024-02-01 14:57:32.767 [warning] [cmake-tools]: Couldn't find message for key cmake-tools.configuration.cmake.options.advanced.statusBarVisibility.variant.description.
2024-02-01 15:02:32.863 [warning] [cmake-tools]: Couldn't find message for key cmake-tools.configuration.cmake.options.advanced.statusBarVisibility.variant.description.
2024-02-01 15:07:32.929 [warning] [cmake-tools]: Couldn't find message for key cmake-tools.configuration.cmake.options.advanced.statusBarVisibility.variant.description.
2024-02-01 15:12:33.018 [warning] [cmake-tools]: Couldn't find message for key cmake-tools.configuration.cmake.options.advanced.statusBarVisibility.variant.description.
2024-02-01 15:17:33.203 [warning] [cmake-tools]: Couldn't find message for key cmake-tools.configuration.cmake.options.advanced.statusBarVisibility.variant.description.
2024-02-01 15:22:33.289 [warning] [cmake-tools]: Couldn't find message for key cmake-tools.configuration.cmake.options.advanced.statusBarVisibility.variant.description.
2024-02-01 15:27:33.342 [warning] [cmake-tools]: Couldn't find message for key cmake-tools.configuration.cmake.options.advanced.statusBarVisibility.variant.description.
2024-02-01 15:32:33.426 [warning] [cmake-tools]: Couldn't find message for key cmake-tools.configuration.cmake.options.advanced.statusBarVisibility.variant.description.
2024-02-01 15:37:33.521 [warning] [cmake-tools]: Couldn't find message for key cmake-tools.configuration.cmake.options.advanced.statusBarVisibility.variant.description.
2024-02-01 15:42:33.580 [warning] [cmake-tools]: Couldn't find message for key cmake-tools.configuration.cmake.options.advanced.statusBarVisibility.variant.description.
2024-02-01 15:47:33.652 [warning] [cmake-tools]: Couldn't find message for key cmake-tools.configuration.cmake.options.advanced.statusBarVisibility.variant.description.
2024-02-01 15:52:33.737 [warning] [cmake-tools]: Couldn't find message for key cmake-tools.configuration.cmake.options.advanced.statusBarVisibility.variant.description.
