2024-01-29T06:44:13.471Z - info: [ui] [AppStore] loading 0 repositories from store
2024-01-29T06:44:13.532Z - info: [ui] [Welcome] no sign in step found. ignoring...
2024-01-29T06:44:13.534Z - info: [ui] launching: 3.3.5-linux2 (Linux 6.6.13-200.fc39.x86_64)
2024-01-29T06:44:13.535Z - info: [ui] execPath: '/usr/lib/github-desktop/github-desktop'
2024-01-29T06:44:13.574Z - info: [ui] [Welcome] no sign in step found. ignoring...
2024-01-29T06:44:13.649Z - info: [ui] [Welcome] no sign in step found. ignoring...
2024-01-29T06:44:13.813Z - info: [ui] Opt in reported.
2024-01-29T06:44:17.266Z - info: [ui] [Welcome] advancing to step: SignInToDotComWithBrowser
2024-01-29T06:44:17.267Z - info: [ui] [SignInStore] initializing OAuth flow
2024-01-29T06:44:17.272Z - info: [main] opening in browser: https://github.com/login/oauth/authorize?client_id=3a723b10ac5575cc5bb9&scope=repo%20user%20workflow&state=0ce60b5b-0a21-4ddc-b7ac-d3b92c215b05
2024-01-29T06:44:17.273Z - info: [ui] [Welcome] current sign in state not found. ignoring...
2024-01-29T06:44:19.547Z - info: [ui] [Welcome] kind Authentication is the same as Authentication. ignoring...
2024-01-29T06:44:19.563Z - info: [ui] [Welcome] kind Authentication is the same as Authentication. ignoring...
2024-01-29T06:44:20.326Z - info: [ui] [Welcome] kind Authentication is the same as Authentication. ignoring...
2024-01-29T06:44:21.866Z - info: [main] Received possible protocol arguments: 3
2024-01-29T06:44:21.866Z - info: [main] Processing protocol url
2024-01-29T06:44:21.867Z - info: [ui] [Dispatcher] requesting authenticated user
2024-01-29T06:44:21.874Z - info: [ui] [Welcome] kind Authentication is the same as Authentication. ignoring...
2024-01-29T06:44:21.969Z - info: [main] Received possible protocol arguments: 2
2024-01-29T06:44:21.971Z - info: [main] Processing protocol url
2024-01-29T06:44:22.953Z - info: [ui] [SignInStore] account resolved
2024-01-29T06:44:22.954Z - info: [ui] [AppStore] adding account YuryiM (YM) to store
2024-01-29T06:44:22.967Z - info: [ui] [Welcome] advancing to step: ConfigureGit
2024-01-29T06:44:23.033Z - info: [ui] [Welcome] no sign in step found. ignoring...
2024-01-29T06:44:23.361Z - info: [ui] Subscribed 'YuryiM' to Alive channel
2024-01-29T06:44:24.313Z - info: [ui] [Welcome] no sign in step found. ignoring...
2024-01-29T06:44:48.443Z - info: [ui] [AppStore] adding repository at /home/yuryi/dotfiles to store
2024-01-29T06:44:49.098Z - info: [ui] [BranchPruner] No branches to prune.
2024-01-29T06:49:54.517Z - info: [ui] Executing fetch: git -c credential.helper= fetch --progress --prune --recurse-submodules=on-demand origin (took 1.625s)
2024-01-29T06:49:56.091Z - info: [ui] Executing updateRemoteHEAD: git -c credential.helper= remote set-head -a origin (took 1.572s)
2024-01-29T07:20:23.603Z - info: [ui] Executing fetch: git -c credential.helper= fetch --progress --prune --recurse-submodules=on-demand origin (took 1.698s)
2024-01-29T07:20:25.316Z - info: [ui] Executing updateRemoteHEAD: git -c credential.helper= remote set-head -a origin (took 1.712s)
2024-01-29T07:50:52.541Z - info: [ui] Executing fetch: git -c credential.helper= fetch --progress --prune --recurse-submodules=on-demand origin (took 1.525s)
2024-01-29T07:50:54.475Z - info: [ui] Executing updateRemoteHEAD: git -c credential.helper= remote set-head -a origin (took 1.933s)
