2024-02-01 14:07:29.147 [info] Added views:workbench.panel.markers.view in workbench.panel.markers
2024-02-01 14:07:29.147 [info] Added views:workbench.panel.output in workbench.panel.output
2024-02-01 14:07:29.147 [info] Added views:terminal in terminal
2024-02-01 14:07:29.147 [info] Added views:outline in workbench.view.explorer
2024-02-01 14:07:29.147 [info] Added views:workbench.scm in workbench.view.scm
2024-02-01 14:07:29.147 [info] Added views:workbench.view.search in workbench.view.search
2024-02-01 14:07:29.147 [info] Added views:timeline in workbench.view.explorer
2024-02-01 14:07:29.147 [info] Added views:workbench.explorer.emptyView in workbench.view.explorer
2024-02-01 14:07:29.810 [info] Added views:workbench.debug.variablesView,workbench.debug.watchExpressionsView,workbench.debug.callStackView,workbench.debug.breakPointsView in workbench.view.debug
2024-02-01 14:07:29.847 [info] Added views:workbench.panel.repl.view in workbench.panel.repl
2024-02-01 14:07:29.848 [info] Removed views:workbench.debug.breakPointsView,workbench.debug.callStackView,workbench.debug.watchExpressionsView,workbench.debug.variablesView from workbench.view.debug
2024-02-01 14:07:29.848 [info] Added views:workbench.debug.welcome in workbench.view.debug
2024-02-01 14:07:30.013 [info] Added views:~remote.forwardedPorts in ~remote.forwardedPortsContainer
2024-02-01 14:07:36.508 [info] Added views:workbench.views.extensions.installed,workbench.views.extensions.popular,extensions.recommendedList in workbench.view.extensions
2024-02-01 14:07:36.510 [info] Removed views:workbench.views.extensions.popular from workbench.view.extensions
2024-02-01 14:07:36.817 [info] Added views:workbench.views.extensions.popular in workbench.view.extensions
2024-02-01 14:07:37.133 [info] Removed views:extensions.recommendedList,workbench.views.extensions.popular,workbench.views.extensions.installed from workbench.view.extensions
2024-02-01 14:07:37.152 [info] Added views:workbench.views.extensions.marketplace in workbench.view.extensions
2024-02-01 14:11:11.238 [info] Removed views:workbench.views.extensions.marketplace from workbench.view.extensions
2024-02-01 14:11:11.259 [info] Added views:workbench.views.extensions.installed,workbench.views.extensions.popular,extensions.recommendedList in workbench.view.extensions
2024-02-01 14:20:46.757 [info] Added views:remoteTargets in workbench.view.remote
2024-02-01 14:21:47.285 [info] Removed views:extensions.recommendedList,workbench.views.extensions.popular,workbench.views.extensions.installed from workbench.view.extensions
2024-02-01 14:21:47.299 [info] Added views:workbench.views.extensions.marketplace in workbench.view.extensions
2024-02-01 14:21:51.639 [info] Removed views:workbench.views.extensions.marketplace from workbench.view.extensions
2024-02-01 14:21:51.651 [info] Added views:workbench.views.extensions.installed,workbench.views.extensions.popular,extensions.recommendedList in workbench.view.extensions
2024-02-01 14:21:54.382 [info] Removed views:extensions.recommendedList,workbench.views.extensions.popular,workbench.views.extensions.installed from workbench.view.extensions
2024-02-01 14:21:54.388 [info] Added views:workbench.views.extensions.marketplace in workbench.view.extensions
2024-02-01 14:22:01.335 [info] Removed views:workbench.views.extensions.marketplace from workbench.view.extensions
2024-02-01 14:22:01.352 [info] Added views:workbench.views.extensions.installed,workbench.views.extensions.popular,extensions.recommendedList in workbench.view.extensions
2024-02-01 14:22:05.039 [info] Removed views:extensions.recommendedList,workbench.views.extensions.popular,workbench.views.extensions.installed from workbench.view.extensions
2024-02-01 14:22:05.045 [info] Added views:workbench.views.extensions.marketplace in workbench.view.extensions
